<?xml version="1.0" encoding="UTF-8"?>
<!-- Generated by org.testng.reporters.JUnitReportReporter -->
<testsuite hostname="DESKTOP-A0FLEGI" failures="0" tests="1" name="basicScript.fblogin" time="0.008" errors="0" timestamp="2025-05-29T18:47:39 IST" skipped="0">
  <testcase classname="basicScript.fblogin" name="fb1" time="0.008"/>
</testsuite> <!-- basicScript.fblogin -->
